Performing C SOURCE FILE Test CMAKE_HAVE_LIBC_PTHREAD failed with the following output:
Change Dir: /home/fred/CLionProjects/CMPT135/CMakeFiles/CMakeTmp

Run Build Command(s):/usr/bin/make cmTC_db3f8/fast && /usr/bin/make -f CMakeFiles/cmTC_db3f8.dir/build.make CMakeFiles/cmTC_db3f8.dir/build
make[1]: Entering directory '/home/fred/CLionProjects/CMPT135/CMakeFiles/CMakeTmp'
Building C object CMakeFiles/cmTC_db3f8.dir/src.c.o
/usr/bin/cc   -DCMAKE_HAVE_LIBC_PTHREAD   -o CMakeFiles/cmTC_db3f8.dir/src.c.o   -c /home/fred/CLionProjects/CMPT135/CMakeFiles/CMakeTmp/src.c
Linking C executable cmTC_db3f8
/home/fred/clion-2018.3.3/bin/cmake/linux/bin/cmake -E cmake_link_script CMakeFiles/cmTC_db3f8.dir/link.txt --verbose=1
/usr/bin/cc  -DCMAKE_HAVE_LIBC_PTHREAD    -rdynamic CMakeFiles/cmTC_db3f8.dir/src.c.o  -o cmTC_db3f8 
CMakeFiles/cmTC_db3f8.dir/src.c.o: In function `main':
src.c:(.text+0x3c): undefined reference to `pthread_create'
src.c:(.text+0x48): undefined reference to `pthread_detach'
src.c:(.text+0x59): undefined reference to `pthread_join'
src.c:(.text+0x6d): undefined reference to `pthread_atfork'
collect2: error: ld returned 1 exit status
CMakeFiles/cmTC_db3f8.dir/build.make:86: recipe for target 'cmTC_db3f8' failed
make[1]: *** [cmTC_db3f8] Error 1
make[1]: Leaving directory '/home/fred/CLionProjects/CMPT135/CMakeFiles/CMakeTmp'
Makefile:121: recipe for target 'cmTC_db3f8/fast' failed
make: *** [cmTC_db3f8/fast] Error 2


Source file was:
#include <pthread.h>

void* test_func(void* data)
{
  return data;
}

int main(void)
{
  pthread_t thread;
  pthread_create(&thread, NULL, test_func, NULL);
  pthread_detach(thread);
  pthread_join(thread, NULL);
  pthread_atfork(NULL, NULL, NULL);
  pthread_exit(NULL);

  return 0;
}

